<?xml version="1.0" encoding="utf-8"?><testsuites name="pytest tests"><testsuite name="pytest" errors="0" failures="0" skipped="0" tests="14" time="12.073" timestamp="2026-02-10T16:13:43.843891+00:00" hostname="agent-env-0666e4d1-9283-459c-971a-502238369cb9"><testcase classname="tests.test_kinetic_roast.TestPublicEndpoints" name="test_api_root" time="0.507" /><testcase classname="tests.test_kinetic_roast.TestPublicEndpoints" name="test_get_menu_returns_12_items" time="0.457" /><testcase classname="tests.test_kinetic_roast.TestPublicEndpoints" name="test_get_specific_menu_item" time="0.452" /><testcase classname="tests.test_kinetic_roast.TestPublicEndpoints" name="test_get_menu_item_not_found" time="0.449" /><testcase classname="tests.test_kinetic_roast.TestPublicEndpoints" name="test_get_stores_returns_4_stores" time="0.778" /><testcase classname="tests.test_kinetic_roast.TestPublicEndpoints" name="test_get_rewards_returns_5_rewards" time="0.775" /><testcase classname="tests.test_kinetic_roast.TestAuthenticatedEndpoints" name="test_auth_me_with_valid_token" time="2.187" /><testcase classname="tests.test_kinetic_roast.TestAuthenticatedEndpoints" name="test_auth_me_without_token" time="0.443" /><testcase classname="tests.test_kinetic_roast.TestAuthenticatedEndpoints" name="test_create_order" time="1.273" /><testcase classname="tests.test_kinetic_roast.TestAuthenticatedEndpoints" name="test_get_orders_list" time="1.065" /><testcase classname="tests.test_kinetic_roast.TestAuthenticatedEndpoints" name="test_get_notifications" time="0.731" /><testcase classname="tests.test_kinetic_roast.TestAuthenticatedEndpoints" name="test_redeem_reward_insufficient_points" time="1.076" /><testcase classname="tests.test_kinetic_roast.TestAuthenticatedEndpoints" name="test_redeem_reward_success" time="1.258" /><testcase classname="tests.test_kinetic_roast.TestAuthSession" name="test_auth_session_without_session_id" time="0.452" /></testsuite></testsuites>