<?xml version="1.0" encoding="utf-8"?><testsuites name="pytest tests"><testsuite name="pytest" errors="0" failures="0" skipped="0" tests="23" time="22.241" timestamp="2026-02-10T18:20:47.489509+00:00" hostname="agent-env-0666e4d1-9283-459c-971a-502238369cb9"><testcase classname="tests.test_admin_panel.TestTurkishData" name="test_menu_has_turkish_items" time="0.482" /><testcase classname="tests.test_admin_panel.TestTurkishData" name="test_stores_have_istanbul_locations" time="0.458" /><testcase classname="tests.test_admin_panel.TestTurkishData" name="test_rewards_have_turkish_names" time="0.447" /><testcase classname="tests.test_admin_panel.TestAdminAuth" name="test_admin_login_success" time="0.450" /><testcase classname="tests.test_admin_panel.TestAdminAuth" name="test_admin_login_wrong_password" time="0.346" /><testcase classname="tests.test_admin_panel.TestAdminAuth" name="test_admin_login_missing_fields" time="0.446" /><testcase classname="tests.test_admin_panel.TestAdminAuth" name="test_admin_me" time="0.793" /><testcase classname="tests.test_admin_panel.TestAdminStats" name="test_admin_stats" time="0.960" /><testcase classname="tests.test_admin_panel.TestAdminMenu" name="test_create_menu_item" time="1.516" /><testcase classname="tests.test_admin_panel.TestAdminMenu" name="test_delete_menu_item" time="1.805" /><testcase classname="tests.test_admin_panel.TestAdminCampaigns" name="test_list_campaigns" time="0.794" /><testcase classname="tests.test_admin_panel.TestAdminCampaigns" name="test_create_campaign" time="1.826" /><testcase classname="tests.test_admin_panel.TestAdminNotifications" name="test_send_notification_to_all" time="0.714" /><testcase classname="tests.test_admin_panel.TestAdminNotifications" name="test_send_notification_missing_fields" time="0.794" /><testcase classname="tests.test_admin_panel.TestAdminAddPoints" name="test_add_points_success" time="1.462" /><testcase classname="tests.test_admin_panel.TestAdminAddPoints" name="test_add_points_user_not_found" time="0.888" /><testcase classname="tests.test_admin_panel.TestAdminStores" name="test_create_store" time="1.593" /><testcase classname="tests.test_admin_panel.TestAdminManagers" name="test_list_managers" time="0.793" /><testcase classname="tests.test_admin_panel.TestAdminManagers" name="test_create_manager" time="1.473" /><testcase classname="tests.test_admin_panel.TestAdminOrders" name="test_list_orders" time="0.678" /><testcase classname="tests.test_admin_panel.TestAdminOrders" name="test_update_order_status" time="1.155" /><testcase classname="tests.test_admin_panel.TestAdminUsers" name="test_list_users" time="0.797" /><testcase classname="tests.test_admin_panel.TestAdminRewards" name="test_create_reward" time="1.509" /></testsuite></testsuites>